#
# There is insufficient memory for the Java Runtime Environment to continue.
# Native memory allocation (mmap) failed to map 65536 bytes. Error detail: Failed to commit metaspace.
# Possible reasons:
#   The system is out of physical RAM or swap space
#   This process is running with CompressedOops enabled, and the Java Heap may be blocking the growth of the native heap
# Possible solutions:
#   Reduce memory load on the system
#   Increase physical memory or swap space
#   Check if swap backing store is full
#   Decrease Java heap size (-Xmx/-Xms)
#   Decrease number of Java threads
#   Decrease Java thread stack sizes (-Xss)
#   Set larger code cache with -XX:ReservedCodeCacheSize=
#   JVM is running with Unscaled Compressed Oops mode in which the Java heap is
#     placed in the first 4GB address space. The Java Heap base address is the
#     maximum limit for the native heap growth. Please use -XX:HeapBaseMinAddress
#     to set the Java Heap base and to place the Java Heap above 4GB virtual address.
# This output file may be truncated or incomplete.
#
#  Out of Memory Error (virtualSpaceNode.cpp:113), pid=12056, tid=8196
#
# JRE version: OpenJDK Runtime Environment JBR-21.0.8+1-1038.73-jcef (21.0.8+1) (build 21.0.8+1-b1038.73)
# Java VM: OpenJDK 64-Bit Server VM JBR-21.0.8+1-1038.73-jcef (21.0.8+1-b1038.73, mixed mode, tiered, compressed oops, compressed class ptrs, g1 gc, windows-amd64)
# No core dump will be written. Minidumps are not enabled by default on client versions of Windows
#

---------------  S U M M A R Y ------------

Command Line: git4idea.http.GitAskPassApp Username for 'https://github.com': 

Host: Intel(R) Core(TM) i3-9100F CPU @ 3.60GHz, 4 cores, 7G,  Windows 10 , 64 bit Build 19041 (10.0.19041.5915)
Time: Tue Feb 24 21:38:03 2026 Hora oficial do Brasil elapsed time: 0.261093 seconds (0d 0h 0m 0s)

---------------  T H R E A D  ---------------

Current thread (0x000001d416bb1200):  JavaThread "main"             [_thread_in_vm, id=8196, stack(0x0000002f5b200000,0x0000002f5b300000) (1024K)]

Stack: [0x0000002f5b200000,0x0000002f5b300000]
Native frames: (J=compiled Java code, j=interpreted, Vv=VM code, C=native code)
V  [jvm.dll+0x6ebeb9]
V  [jvm.dll+0x8cbec3]
V  [jvm.dll+0x8ce47e]
V  [jvm.dll+0x8ceb63]
V  [jvm.dll+0x28adf6]
V  [jvm.dll+0x8c6cfe]
V  [jvm.dll+0x68c895]
V  [jvm.dll+0x68c8fa]
V  [jvm.dll+0x68f116]
V  [jvm.dll+0x68efe2]
V  [jvm.dll+0x68d24e]
V  [jvm.dll+0x2750e0]
V  [jvm.dll+0x21f13b]
V  [jvm.dll+0x21458a]
V  [jvm.dll+0x5c96c5]
V  [jvm.dll+0x22605c]
V  [jvm.dll+0x842c7c]
V  [jvm.dll+0x843d12]
V  [jvm.dll+0x844502]
V  [jvm.dll+0x21f9dc]
V  [jvm.dll+0x2145a3]
V  [jvm.dll+0x5c96c5]
V  [jvm.dll+0x22605c]
V  [jvm.dll+0x842c7c]
V  [jvm.dll+0x843d12]
V  [jvm.dll+0x844502]
V  [jvm.dll+0x21f9dc]
V  [jvm.dll+0x2145a3]
V  [jvm.dll+0x5c96c5]
V  [jvm.dll+0x22605c]
V  [jvm.dll+0x842c7c]
V  [jvm.dll+0x843d12]
V  [jvm.dll+0x8442d4]
V  [jvm.dll+0x843f68]
V  [jvm.dll+0x27773b]
V  [jvm.dll+0x3e705e]
C  0x000001d4243ea816

The last pc belongs to new (printed below).
Java frames: (J=compiled Java code, j=interpreted, Vv=VM code)
j  sun.nio.fs.DefaultFileSystemProvider.<clinit>()V+0 java.base@21.0.8
v  ~StubRoutines::call_stub 0x000001d4243d100d
j  java.util.zip.ZipFile$Source.<clinit>()V+38 java.base@21.0.8
v  ~StubRoutines::call_stub 0x000001d4243d100d
j  java.util.zip.ZipFile$CleanableResource.<init>(Ljava/util/zip/ZipFile;Ljava/util/zip/ZipCoder;Ljava/io/File;I)V+56 java.base@21.0.8
j  java.util.zip.ZipFile.<init>(Ljava/io/File;ILjava/nio/charset/Charset;)V+123 java.base@21.0.8
j  java.util.zip.ZipFile.<init>(Ljava/io/File;I)V+6 java.base@21.0.8
j  java.util.jar.JarFile.<init>(Ljava/io/File;ZILjava/lang/Runtime$Version;)V+3 java.base@21.0.8
j  jdk.internal.loader.URLClassPath$JarLoader.getJarFile(Ljava/net/URL;)Ljava/util/jar/JarFile;+56 java.base@21.0.8
j  jdk.internal.loader.URLClassPath$JarLoader$1.run()Ljava/lang/Void;+55 java.base@21.0.8
j  jdk.internal.loader.URLClassPath$JarLoader$1.run()Ljava/lang/Object;+1 java.base@21.0.8
j  java.security.AccessController.executePrivileged(Ljava/security/PrivilegedExceptionAction;Ljava/security/AccessControlContext;Ljava/lang/Class;)Ljava/lang/Object;+29 java.base@21.0.8
j  java.security.AccessController.doPrivileged(Ljava/security/PrivilegedExceptionAction;Ljava/security/AccessControlContext;)Ljava/lang/Object;+13 java.base@21.0.8
j  jdk.internal.loader.URLClassPath$JarLoader.ensureOpen()V+19 java.base@21.0.8
j  jdk.internal.loader.URLClassPath$JarLoader.<init>(Ljava/net/URL;Ljava/net/URLStreamHandler;Ljava/util/HashMap;Ljava/security/AccessControlContext;)V+59 java.base@21.0.8
j  jdk.internal.loader.URLClassPath$3.run()Ljdk/internal/loader/URLClassPath$Loader;+168 java.base@21.0.8
j  jdk.internal.loader.URLClassPath$3.run()Ljava/lang/Object;+1 java.base@21.0.8
j  java.security.AccessController.executePrivileged(Ljava/security/PrivilegedExceptionAction;Ljava/security/AccessControlContext;Ljava/lang/Class;)Ljava/lang/Object;+29 java.base@21.0.8
j  java.security.AccessController.doPrivileged(Ljava/security/PrivilegedExceptionAction;Ljava/security/AccessControlContext;)Ljava/lang/Object;+13 java.base@21.0.8
j  jdk.internal.loader.URLClassPath.getLoader(Ljava/net/URL;)Ljdk/internal/loader/URLClassPath$Loader;+13 java.base@21.0.8
j  jdk.internal.loader.URLClassPath.getLoader(I)Ljdk/internal/loader/URLClassPath$Loader;+81 java.base@21.0.8
j  jdk.internal.loader.URLClassPath.getResource(Ljava/lang/String;Z)Ljdk/internal/loader/Resource;+42 java.base@21.0.8
j  jdk.internal.loader.BuiltinClassLoader.findClassOnClassPathOrNull(Ljava/lang/String;)Ljava/lang/Class;+30 java.base@21.0.8
j  jdk.internal.loader.BuiltinClassLoader.loadClassOrNull(Ljava/lang/String;Z)Ljava/lang/Class;+111 java.base@21.0.8
j  jdk.internal.loader.BuiltinClassLoader.loadClass(Ljava/lang/String;Z)Ljava/lang/Class;+3 java.base@21.0.8
j  jdk.internal.loader.ClassLoaders$AppClassLoader.loadClass(Ljava/lang/String;Z)Ljava/lang/Class;+36 java.base@21.0.8
j  java.lang.ClassLoader.loadClass(Ljava/lang/String;)Ljava/lang/Class;+3 java.base@21.0.8
v  ~StubRoutines::call_stub 0x000001d4243d100d
j  java.lang.Class.forName0(Ljava/lang/String;ZLjava/lang/ClassLoader;Ljava/lang/Class;)Ljava/lang/Class;+0 java.base@21.0.8
j  java.lang.Class.forName(Ljava/lang/String;ZLjava/lang/ClassLoader;Ljava/lang/Class;)Ljava/lang/Class;+37 java.base@21.0.8
j  java.lang.Class.forName(Ljava/lang/String;ZLjava/lang/ClassLoader;)Ljava/lang/Class;+20 java.base@21.0.8
j  sun.launcher.LauncherHelper.loadMainClass(ILjava/lang/String;)Ljava/lang/Class;+95 java.base@21.0.8
j  sun.launcher.LauncherHelper.checkAndLoadMain(ZILjava/lang/String;)Ljava/lang/Class;+42 java.base@21.0.8
v  ~StubRoutines::call_stub 0x000001d4243d100d
new  187 new  [0x000001d4243ea6a0, 0x000001d4243ea8a0]  512 bytes
[MachCode]
  0x000001d4243ea6a0: 4883 ec08 | c5fa 1104 | 24eb 1f48 | 83ec 10c5 | fb11 0424 | eb14 4883 | ec10 4889 | 0424 48c7 
  0x000001d4243ea6c0: 4424 0800 | 0000 00eb | 0150 410f | b755 010f | cac1 ea10 | 488b 4de8 | 488b 4908 | 488b 4908 
  0x000001d4243ea6e0: 488b 4108 | 807c 1004 | 070f 85ca | 0000 0066 | 8b54 d148 | 488b 4928 | 488b 4cd1 | 0851 80b9 
  0x000001d4243ea700: 6101 0000 | 040f 85ad | 0000 008b | 5108 f6c2 | 010f 85a1 | 0000 0049 | 8b87 b801 | 0000 488d 
  0x000001d4243ea720: 1c10 493b | 9fc8 0100 | 000f 8789 | 0000 0049 | 899f b801 | 0000 4883 | ea10 0f84 | 0f00 0000 
  0x000001d4243ea740: 33c9 c1ea | 0348 894c | d008 48ff | ca75 f648 | c700 0100 | 0000 5933 | f689 700c | 48c1 e903 
  0x000001d4243ea760: 8948 0849 | ba8f f063 | 49fe 7f00 | 0041 803a | 000f 843c | 0000 0050 | 488b c848 | 83ec 2040 
  0x000001d4243ea780: f6c4 0f0f | 8419 0000 | 0048 83ec | 0848 b850 | 310d 49fe | 7f00 00ff | d048 83c4 | 08e9 0c00 
  0x000001d4243ea7a0: 0000 48b8 | 5031 0d49 | fe7f 0000 | ffd0 4883 | c420 58e9 | cb00 0000 | 5948 8b55 | e848 8b52 
  0x000001d4243ea7c0: 0848 8b52 | 0845 0fb7 | 4501 410f | c841 c1e8 | 10e8 0500 | 0000 e9a8 | 0000 0048 | 8d44 2408 
  0x000001d4243ea7e0: 4c89 6dc0 | 498b cfc5 | f877 4989 | afa8 0300 | 0049 8987 | 9803 0000 | 4883 ec20 | 40f6 c40f 
  0x000001d4243ea800: 0f84 1900 | 0000 4883 | ec08 48b8 | 1070 d648 | fe7f 0000 | ffd0 4883 | c408 e90c | 0000 0048 
  0x000001d4243ea820: b810 70d6 | 48fe 7f00 | 00ff d048 | 83c4 2049 | c787 9803 | 0000 0000 | 0000 49c7 | 87a8 0300 
  0x000001d4243ea840: 0000 0000 | 0049 c787 | a003 0000 | 0000 0000 | c5f8 7749 | 837f 0800 | 0f84 0500 | 0000 e99d 
  0x000001d4243ea860: 66fe ff49 | 8b87 f003 | 0000 49c7 | 87f0 0300 | 0000 0000 | 004c 8b6d | c04c 8b75 | c84e 8d74 
  0x000001d4243ea880: f500 c341 | 0fb6 5d03 | 4983 c503 | 49ba 00bd | 6649 fe7f | 0000 41ff | 24da 660f | 1f44 0000 
[/MachCode]

---------------  P R O C E S S  ---------------

Threads class SMR info:
_java_thread_list=0x000001d4351fce60, length=11, elements={
0x000001d416bb1200, 0x000001d435022ba0, 0x000001d435023be0, 0x000001d43504fdd0,
0x000001d435045580, 0x000001d43505dc40, 0x000001d43505e2b0, 0x000001d43505f660,
0x000001d435062f00, 0x000001d4350783b0, 0x000001d435213930
}

Java Threads: ( => current thread )
=>0x000001d416bb1200 JavaThread "main"                              [_thread_in_vm, id=8196, stack(0x0000002f5b200000,0x0000002f5b300000) (1024K)]
  0x000001d435022ba0 JavaThread "Common-Cleaner"             daemon [_thread_blocked, id=8052, stack(0x0000002f5ba00000,0x0000002f5bb00000) (1024K)]
  0x000001d435023be0 JavaThread "Reference Handler"          daemon [_thread_blocked, id=17564, stack(0x0000002f5bb00000,0x0000002f5bc00000) (1024K)]
  0x000001d43504fdd0 JavaThread "Finalizer"                  daemon [_thread_blocked, id=11012, stack(0x0000002f5bc00000,0x0000002f5bd00000) (1024K)]
  0x000001d435045580 JavaThread "Signal Dispatcher"          daemon [_thread_blocked, id=3872, stack(0x0000002f5bd00000,0x0000002f5be00000) (1024K)]
  0x000001d43505dc40 JavaThread "Attach Listener"            daemon [_thread_blocked, id=7212, stack(0x0000002f5be00000,0x0000002f5bf00000) (1024K)]
  0x000001d43505e2b0 JavaThread "Service Thread"             daemon [_thread_blocked, id=10096, stack(0x0000002f5bf00000,0x0000002f5c000000) (1024K)]
  0x000001d43505f660 JavaThread "Monitor Deflation Thread"   daemon [_thread_blocked, id=16044, stack(0x0000002f5c000000,0x0000002f5c100000) (1024K)]
  0x000001d435062f00 JavaThread "C2 CompilerThread0"         daemon [_thread_blocked, id=8928, stack(0x0000002f5c100000,0x0000002f5c200000) (1024K)]
  0x000001d4350783b0 JavaThread "C1 CompilerThread0"         daemon [_thread_blocked, id=10076, stack(0x0000002f5c200000,0x0000002f5c300000) (1024K)]
  0x000001d435213930 JavaThread "Notification Thread"        daemon [_thread_blocked, id=10232, stack(0x0000002f5c300000,0x0000002f5c400000) (1024K)]
Total: 11

Other Threads:
  0x000001d430b987a0 VMThread "VM Thread"                           [id=8788, stack(0x0000002f5b900000,0x0000002f5ba00000) (1024K)]
  0x000001d430b0eaa0 WatcherThread "VM Periodic Task Thread"        [id=15144, stack(0x0000002f5b800000,0x0000002f5b900000) (1024K)]
  0x000001d418ea2210 WorkerThread "GC Thread#0"                     [id=17932, stack(0x0000002f5b300000,0x0000002f5b400000) (1024K)]
  0x000001d418eb3220 ConcurrentGCThread "G1 Main Marker"            [id=5704, stack(0x0000002f5b400000,0x0000002f5b500000) (1024K)]
  0x000001d418eb44c0 WorkerThread "G1 Conc#0"                       [id=8028, stack(0x0000002f5b500000,0x0000002f5b600000) (1024K)]
  0x000001d4309d20c0 ConcurrentGCThread "G1 Refine#0"               [id=7412, stack(0x0000002f5b600000,0x0000002f5b700000) (1024K)]
  0x000001d418f1c2a0 ConcurrentGCThread "G1 Service"                [id=2060, stack(0x0000002f5b700000,0x0000002f5b800000) (1024K)]
Total: 7

Threads with active compile tasks:
Total: 0

VM state: not at safepoint (normal execution)

VM Mutex/Monitor currently owned by a thread:  ([mutex/lock_event])
[0x00007ffe49655ad8] Metaspace_lock - owner thread: 0x000001d416bb1200

Heap address: 0x0000000080c00000, size: 2036 MB, Compressed Oops mode: 32-bit

CDS archive(s) not mapped
Compressed class space mapped at: 0x0000000100000000-0x0000000140000000, reserved size: 1073741824
Narrow klass base: 0x0000000000000000, Narrow klass shift: 3, Narrow klass range: 0x140000000

GC Precious Log:
 CardTable entry size: 512
 Card Set container configuration: InlinePtr #cards 5 size 8 Array Of Cards #cards 12 size 40 Howl #buckets 4 coarsen threshold 1843 Howl Bitmap #cards 512 size 80 coarsen threshold 460 Card regions per heap region 1 cards per card region 2048
 CPUs: 4 total, 4 available
 Memory: 8136M
 Large Page Support: Disabled
 NUMA Support: Disabled
 Compressed Oops: Enabled (32-bit)
 Heap Region Size: 1M
 Heap Min Capacity: 8M
 Heap Initial Capacity: 128M
 Heap Max Capacity: 2036M
 Pre-touch: Disabled
 Parallel Workers: 4
 Concurrent Workers: 1
 Concurrent Refinement Workers: 4
 Periodic GC: Disabled

Heap:
 garbage-first heap   total 131072K, used 1024K [0x0000000080c00000, 0x0000000100000000)
  region size 1024K, 2 young (2048K), 0 survivors (0K)
 Metaspace       used 4799K, committed 4864K, reserved 1114112K
  class space    used 385K, committed 448K, reserved 1048576K

Heap Regions: E=young(eden), S=young(survivor), O=old, HS=humongous(starts), HC=humongous(continues), CS=collection set, F=free, TAMS=top-at-mark-start, PB=parsable bottom
|   0|0x0000000080c00000, 0x0000000080c00000, 0x0000000080d00000|  0%| F|  |TAMS 0x0000000080c00000| PB 0x0000000080c00000| Untracked 
|   1|0x0000000080d00000, 0x0000000080d00000, 0x0000000080e00000|  0%| F|  |TAMS 0x0000000080d00000| PB 0x0000000080d00000| Untracked 
|   2|0x0000000080e00000, 0x0000000080e00000, 0x0000000080f00000|  0%| F|  |TAMS 0x0000000080e00000| PB 0x0000000080e00000| Untracked 
|   3|0x0000000080f00000, 0x0000000080f00000, 0x0000000081000000|  0%| F|  |TAMS 0x0000000080f00000| PB 0x0000000080f00000| Untracked 
|   4|0x0000000081000000, 0x0000000081000000, 0x0000000081100000|  0%| F|  |TAMS 0x0000000081000000| PB 0x0000000081000000| Untracked 
|   5|0x0000000081100000, 0x0000000081100000, 0x0000000081200000|  0%| F|  |TAMS 0x0000000081100000| PB 0x0000000081100000| Untracked 
|   6|0x0000000081200000, 0x0000000081200000, 0x0000000081300000|  0%| F|  |TAMS 0x0000000081200000| PB 0x0000000081200000| Untracked 
|   7|0x0000000081300000, 0x0000000081300000, 0x0000000081400000|  0%| F|  |TAMS 0x0000000081300000| PB 0x0000000081300000| Untracked 
|   8|0x0000000081400000, 0x0000000081400000, 0x0000000081500000|  0%| F|  |TAMS 0x0000000081400000| PB 0x0000000081400000| Untracked 
|   9|0x0000000081500000, 0x0000000081500000, 0x0000000081600000|  0%| F|  |TAMS 0x0000000081500000| PB 0x0000000081500000| Untracked 
|  10|0x0000000081600000, 0x0000000081600000, 0x0000000081700000|  0%| F|  |TAMS 0x0000000081600000| PB 0x0000000081600000| Untracked 
|  11|0x0000000081700000, 0x0000000081700000, 0x0000000081800000|  0%| F|  |TAMS 0x0000000081700000| PB 0x0000000081700000| Untracked 
|  12|0x0000000081800000, 0x0000000081800000, 0x0000000081900000|  0%| F|  |TAMS 0x0000000081800000| PB 0x0000000081800000| Untracked 
|  13|0x0000000081900000, 0x0000000081900000, 0x0000000081a00000|  0%| F|  |TAMS 0x0000000081900000| PB 0x0000000081900000| Untracked 
|  14|0x0000000081a00000, 0x0000000081a00000, 0x0000000081b00000|  0%| F|  |TAMS 0x0000000081a00000| PB 0x0000000081a00000| Untracked 
|  15|0x0000000081b00000, 0x0000000081b00000, 0x0000000081c00000|  0%| F|  |TAMS 0x0000000081b00000| PB 0x0000000081b00000| Untracked 
|  16|0x0000000081c00000, 0x0000000081c00000, 0x0000000081d00000|  0%| F|  |TAMS 0x0000000081c00000| PB 0x0000000081c00000| Untracked 
|  17|0x0000000081d00000, 0x0000000081d00000, 0x0000000081e00000|  0%| F|  |TAMS 0x0000000081d00000| PB 0x0000000081d00000| Untracked 
|  18|0x0000000081e00000, 0x0000000081e00000, 0x0000000081f00000|  0%| F|  |TAMS 0x0000000081e00000| PB 0x0000000081e00000| Untracked 
|  19|0x0000000081f00000, 0x0000000081f00000, 0x0000000082000000|  0%| F|  |TAMS 0x0000000081f00000| PB 0x0000000081f00000| Untracked 
|  20|0x0000000082000000, 0x0000000082000000, 0x0000000082100000|  0%| F|  |TAMS 0x0000000082000000| PB 0x0000000082000000| Untracked 
|  21|0x0000000082100000, 0x0000000082100000, 0x0000000082200000|  0%| F|  |TAMS 0x0000000082100000| PB 0x0000000082100000| Untracked 
|  22|0x0000000082200000, 0x0000000082200000, 0x0000000082300000|  0%| F|  |TAMS 0x0000000082200000| PB 0x0000000082200000| Untracked 
|  23|0x0000000082300000, 0x0000000082300000, 0x0000000082400000|  0%| F|  |TAMS 0x0000000082300000| PB 0x0000000082300000| Untracked 
|  24|0x0000000082400000, 0x0000000082400000, 0x0000000082500000|  0%| F|  |TAMS 0x0000000082400000| PB 0x0000000082400000| Untracked 
|  25|0x0000000082500000, 0x0000000082500000, 0x0000000082600000|  0%| F|  |TAMS 0x0000000082500000| PB 0x0000000082500000| Untracked 
|  26|0x0000000082600000, 0x0000000082600000, 0x0000000082700000|  0%| F|  |TAMS 0x0000000082600000| PB 0x0000000082600000| Untracked 
|  27|0x0000000082700000, 0x0000000082700000, 0x0000000082800000|  0%| F|  |TAMS 0x0000000082700000| PB 0x0000000082700000| Untracked 
|  28|0x0000000082800000, 0x0000000082800000, 0x0000000082900000|  0%| F|  |TAMS 0x0000000082800000| PB 0x0000000082800000| Untracked 
|  29|0x0000000082900000, 0x0000000082900000, 0x0000000082a00000|  0%| F|  |TAMS 0x0000000082900000| PB 0x0000000082900000| Untracked 
|  30|0x0000000082a00000, 0x0000000082a00000, 0x0000000082b00000|  0%| F|  |TAMS 0x0000000082a00000| PB 0x0000000082a00000| Untracked 
|  31|0x0000000082b00000, 0x0000000082b00000, 0x0000000082c00000|  0%| F|  |TAMS 0x0000000082b00000| PB 0x0000000082b00000| Untracked 
|  32|0x0000000082c00000, 0x0000000082c00000, 0x0000000082d00000|  0%| F|  |TAMS 0x0000000082c00000| PB 0x0000000082c00000| Untracked 
|  33|0x0000000082d00000, 0x0000000082d00000, 0x0000000082e00000|  0%| F|  |TAMS 0x0000000082d00000| PB 0x0000000082d00000| Untracked 
|  34|0x0000000082e00000, 0x0000000082e00000, 0x0000000082f00000|  0%| F|  |TAMS 0x0000000082e00000| PB 0x0000000082e00000| Untracked 
|  35|0x0000000082f00000, 0x0000000082f00000, 0x0000000083000000|  0%| F|  |TAMS 0x0000000082f00000| PB 0x0000000082f00000| Untracked 
|  36|0x0000000083000000, 0x0000000083000000, 0x0000000083100000|  0%| F|  |TAMS 0x0000000083000000| PB 0x0000000083000000| Untracked 
|  37|0x0000000083100000, 0x0000000083100000, 0x0000000083200000|  0%| F|  |TAMS 0x0000000083100000| PB 0x0000000083100000| Untracked 
|  38|0x0000000083200000, 0x0000000083200000, 0x0000000083300000|  0%| F|  |TAMS 0x0000000083200000| PB 0x0000000083200000| Untracked 
|  39|0x0000000083300000, 0x0000000083300000, 0x0000000083400000|  0%| F|  |TAMS 0x0000000083300000| PB 0x0000000083300000| Untracked 
|  40|0x0000000083400000, 0x0000000083400000, 0x0000000083500000|  0%| F|  |TAMS 0x0000000083400000| PB 0x0000000083400000| Untracked 
|  41|0x0000000083500000, 0x0000000083500000, 0x0000000083600000|  0%| F|  |TAMS 0x0000000083500000| PB 0x0000000083500000| Untracked 
|  42|0x0000000083600000, 0x0000000083600000, 0x0000000083700000|  0%| F|  |TAMS 0x0000000083600000| PB 0x0000000083600000| Untracked 
|  43|0x0000000083700000, 0x0000000083700000, 0x0000000083800000|  0%| F|  |TAMS 0x0000000083700000| PB 0x0000000083700000| Untracked 
|  44|0x0000000083800000, 0x0000000083800000, 0x0000000083900000|  0%| F|  |TAMS 0x0000000083800000| PB 0x0000000083800000| Untracked 
|  45|0x0000000083900000, 0x0000000083900000, 0x0000000083a00000|  0%| F|  |TAMS 0x0000000083900000| PB 0x0000000083900000| Untracked 
|  46|0x0000000083a00000, 0x0000000083a00000, 0x0000000083b00000|  0%| F|  |TAMS 0x0000000083a00000| PB 0x0000000083a00000| Untracked 
|  47|0x0000000083b00000, 0x0000000083b00000, 0x0000000083c00000|  0%| F|  |TAMS 0x0000000083b00000| PB 0x0000000083b00000| Untracked 
|  48|0x0000000083c00000, 0x0000000083c00000, 0x0000000083d00000|  0%| F|  |TAMS 0x0000000083c00000| PB 0x0000000083c00000| Untracked 
|  49|0x0000000083d00000, 0x0000000083d00000, 0x0000000083e00000|  0%| F|  |TAMS 0x0000000083d00000| PB 0x0000000083d00000| Untracked 
|  50|0x0000000083e00000, 0x0000000083e00000, 0x0000000083f00000|  0%| F|  |TAMS 0x0000000083e00000| PB 0x0000000083e00000| Untracked 
|  51|0x0000000083f00000, 0x0000000083f00000, 0x0000000084000000|  0%| F|  |TAMS 0x0000000083f00000| PB 0x0000000083f00000| Untracked 
|  52|0x0000000084000000, 0x0000000084000000, 0x0000000084100000|  0%| F|  |TAMS 0x0000000084000000| PB 0x0000000084000000| Untracked 
|  53|0x0000000084100000, 0x0000000084100000, 0x0000000084200000|  0%| F|  |TAMS 0x0000000084100000| PB 0x0000000084100000| Untracked 
|  54|0x0000000084200000, 0x0000000084200000, 0x0000000084300000|  0%| F|  |TAMS 0x0000000084200000| PB 0x0000000084200000| Untracked 
|  55|0x0000000084300000, 0x0000000084300000, 0x0000000084400000|  0%| F|  |TAMS 0x0000000084300000| PB 0x0000000084300000| Untracked 
|  56|0x0000000084400000, 0x0000000084400000, 0x0000000084500000|  0%| F|  |TAMS 0x0000000084400000| PB 0x0000000084400000| Untracked 
|  57|0x0000000084500000, 0x0000000084500000, 0x0000000084600000|  0%| F|  |TAMS 0x0000000084500000| PB 0x0000000084500000| Untracked 
|  58|0x0000000084600000, 0x0000000084600000, 0x0000000084700000|  0%| F|  |TAMS 0x0000000084600000| PB 0x0000000084600000| Untracked 
|  59|0x0000000084700000, 0x0000000084700000, 0x0000000084800000|  0%| F|  |TAMS 0x0000000084700000| PB 0x0000000084700000| Untracked 
|  60|0x0000000084800000, 0x0000000084800000, 0x0000000084900000|  0%| F|  |TAMS 0x0000000084800000| PB 0x0000000084800000| Untracked 
|  61|0x0000000084900000, 0x0000000084900000, 0x0000000084a00000|  0%| F|  |TAMS 0x0000000084900000| PB 0x0000000084900000| Untracked 
|  62|0x0000000084a00000, 0x0000000084a00000, 0x0000000084b00000|  0%| F|  |TAMS 0x0000000084a00000| PB 0x0000000084a00000| Untracked 
|  63|0x0000000084b00000, 0x0000000084b00000, 0x0000000084c00000|  0%| F|  |TAMS 0x0000000084b00000| PB 0x0000000084b00000| Untracked 
|  64|0x0000000084c00000, 0x0000000084c00000, 0x0000000084d00000|  0%| F|  |TAMS 0x0000000084c00000| PB 0x0000000084c00000| Untracked 
|  65|0x0000000084d00000, 0x0000000084d00000, 0x0000000084e00000|  0%| F|  |TAMS 0x0000000084d00000| PB 0x0000000084d00000| Untracked 
|  66|0x0000000084e00000, 0x0000000084e00000, 0x0000000084f00000|  0%| F|  |TAMS 0x0000000084e00000| PB 0x0000000084e00000| Untracked 
|  67|0x0000000084f00000, 0x0000000084f00000, 0x0000000085000000|  0%| F|  |TAMS 0x0000000084f00000| PB 0x0000000084f00000| Untracked 
|  68|0x0000000085000000, 0x0000000085000000, 0x0000000085100000|  0%| F|  |TAMS 0x0000000085000000| PB 0x0000000085000000| Untracked 
|  69|0x0000000085100000, 0x0000000085100000, 0x0000000085200000|  0%| F|  |TAMS 0x0000000085100000| PB 0x0000000085100000| Untracked 
|  70|0x0000000085200000, 0x0000000085200000, 0x0000000085300000|  0%| F|  |TAMS 0x0000000085200000| PB 0x0000000085200000| Untracked 
|  71|0x0000000085300000, 0x0000000085300000, 0x0000000085400000|  0%| F|  |TAMS 0x0000000085300000| PB 0x0000000085300000| Untracked 
|  72|0x0000000085400000, 0x0000000085400000, 0x0000000085500000|  0%| F|  |TAMS 0x0000000085400000| PB 0x0000000085400000| Untracked 
|  73|0x0000000085500000, 0x0000000085500000, 0x0000000085600000|  0%| F|  |TAMS 0x0000000085500000| PB 0x0000000085500000| Untracked 
|  74|0x0000000085600000, 0x0000000085600000, 0x0000000085700000|  0%| F|  |TAMS 0x0000000085600000| PB 0x0000000085600000| Untracked 
|  75|0x0000000085700000, 0x0000000085700000, 0x0000000085800000|  0%| F|  |TAMS 0x0000000085700000| PB 0x0000000085700000| Untracked 
|  76|0x0000000085800000, 0x0000000085800000, 0x0000000085900000|  0%| F|  |TAMS 0x0000000085800000| PB 0x0000000085800000| Untracked 
|  77|0x0000000085900000, 0x0000000085900000, 0x0000000085a00000|  0%| F|  |TAMS 0x0000000085900000| PB 0x0000000085900000| Untracked 
|  78|0x0000000085a00000, 0x0000000085a00000, 0x0000000085b00000|  0%| F|  |TAMS 0x0000000085a00000| PB 0x0000000085a00000| Untracked 
|  79|0x0000000085b00000, 0x0000000085b00000, 0x0000000085c00000|  0%| F|  |TAMS 0x0000000085b00000| PB 0x0000000085b00000| Untracked 
|  80|0x0000000085c00000, 0x0000000085c00000, 0x0000000085d00000|  0%| F|  |TAMS 0x0000000085c00000| PB 0x0000000085c00000| Untracked 
|  81|0x0000000085d00000, 0x0000000085d00000, 0x0000000085e00000|  0%| F|  |TAMS 0x0000000085d00000| PB 0x0000000085d00000| Untracked 
|  82|0x0000000085e00000, 0x0000000085e00000, 0x0000000085f00000|  0%| F|  |TAMS 0x0000000085e00000| PB 0x0000000085e00000| Untracked 
|  83|0x0000000085f00000, 0x0000000085f00000, 0x0000000086000000|  0%| F|  |TAMS 0x0000000085f00000| PB 0x0000000085f00000| Untracked 
|  84|0x0000000086000000, 0x0000000086000000, 0x0000000086100000|  0%| F|  |TAMS 0x0000000086000000| PB 0x0000000086000000| Untracked 
|  85|0x0000000086100000, 0x0000000086100000, 0x0000000086200000|  0%| F|  |TAMS 0x0000000086100000| PB 0x0000000086100000| Untracked 
|  86|0x0000000086200000, 0x0000000086200000, 0x0000000086300000|  0%| F|  |TAMS 0x0000000086200000| PB 0x0000000086200000| Untracked 
|  87|0x0000000086300000, 0x0000000086300000, 0x0000000086400000|  0%| F|  |TAMS 0x0000000086300000| PB 0x0000000086300000| Untracked 
|  88|0x0000000086400000, 0x0000000086400000, 0x0000000086500000|  0%| F|  |TAMS 0x0000000086400000| PB 0x0000000086400000| Untracked 
|  89|0x0000000086500000, 0x0000000086500000, 0x0000000086600000|  0%| F|  |TAMS 0x0000000086500000| PB 0x0000000086500000| Untracked 
|  90|0x0000000086600000, 0x0000000086600000, 0x0000000086700000|  0%| F|  |TAMS 0x0000000086600000| PB 0x0000000086600000| Untracked 
|  91|0x0000000086700000, 0x0000000086700000, 0x0000000086800000|  0%| F|  |TAMS 0x0000000086700000| PB 0x0000000086700000| Untracked 
|  92|0x0000000086800000, 0x0000000086800000, 0x0000000086900000|  0%| F|  |TAMS 0x0000000086800000| PB 0x0000000086800000| Untracked 
|  93|0x0000000086900000, 0x0000000086900000, 0x0000000086a00000|  0%| F|  |TAMS 0x0000000086900000| PB 0x0000000086900000| Untracked 
|  94|0x0000000086a00000, 0x0000000086a00000, 0x0000000086b00000|  0%| F|  |TAMS 0x0000000086a00000| PB 0x0000000086a00000| Untracked 
|  95|0x0000000086b00000, 0x0000000086b00000, 0x0000000086c00000|  0%| F|  |TAMS 0x0000000086b00000| PB 0x0000000086b00000| Untracked 
|  96|0x0000000086c00000, 0x0000000086c00000, 0x0000000086d00000|  0%| F|  |TAMS 0x0000000086c00000| PB 0x0000000086c00000| Untracked 
|  97|0x0000000086d00000, 0x0000000086d00000, 0x0000000086e00000|  0%| F|  |TAMS 0x0000000086d00000| PB 0x0000000086d00000| Untracked 
|  98|0x0000000086e00000, 0x0000000086e00000, 0x0000000086f00000|  0%| F|  |TAMS 0x0000000086e00000| PB 0x0000000086e00000| Untracked 
|  99|0x0000000086f00000, 0x0000000086f00000, 0x0000000087000000|  0%| F|  |TAMS 0x0000000086f00000| PB 0x0000000086f00000| Untracked 
| 100|0x0000000087000000, 0x0000000087000000, 0x0000000087100000|  0%| F|  |TAMS 0x0000000087000000| PB 0x0000000087000000| Untracked 
| 101|0x0000000087100000, 0x0000000087100000, 0x0000000087200000|  0%| F|  |TAMS 0x0000000087100000| PB 0x0000000087100000| Untracked 
| 102|0x0000000087200000, 0x0000000087200000, 0x0000000087300000|  0%| F|  |TAMS 0x0000000087200000| PB 0x0000000087200000| Untracked 
| 103|0x0000000087300000, 0x0000000087300000, 0x0000000087400000|  0%| F|  |TAMS 0x0000000087300000| PB 0x0000000087300000| Untracked 
| 104|0x0000000087400000, 0x0000000087400000, 0x0000000087500000|  0%| F|  |TAMS 0x0000000087400000| PB 0x0000000087400000| Untracked 
| 105|0x0000000087500000, 0x0000000087500000, 0x0000000087600000|  0%| F|  |TAMS 0x0000000087500000| PB 0x0000000087500000| Untracked 
| 106|0x0000000087600000, 0x0000000087600000, 0x0000000087700000|  0%| F|  |TAMS 0x0000000087600000| PB 0x0000000087600000| Untracked 
| 107|0x0000000087700000, 0x0000000087700000, 0x0000000087800000|  0%| F|  |TAMS 0x0000000087700000| PB 0x0000000087700000| Untracked 
| 108|0x0000000087800000, 0x0000000087800000, 0x0000000087900000|  0%| F|  |TAMS 0x0000000087800000| PB 0x0000000087800000| Untracked 
| 109|0x0000000087900000, 0x0000000087900000, 0x0000000087a00000|  0%| F|  |TAMS 0x0000000087900000| PB 0x0000000087900000| Untracked 
| 110|0x0000000087a00000, 0x0000000087a00000, 0x0000000087b00000|  0%| F|  |TAMS 0x0000000087a00000| PB 0x0000000087a00000| Untracked 
| 111|0x0000000087b00000, 0x0000000087b00000, 0x0000000087c00000|  0%| F|  |TAMS 0x0000000087b00000| PB 0x0000000087b00000| Untracked 
| 112|0x0000000087c00000, 0x0000000087c00000, 0x0000000087d00000|  0%| F|  |TAMS 0x0000000087c00000| PB 0x0000000087c00000| Untracked 
| 113|0x0000000087d00000, 0x0000000087d00000, 0x0000000087e00000|  0%| F|  |TAMS 0x0000000087d00000| PB 0x0000000087d00000| Untracked 
| 114|0x0000000087e00000, 0x0000000087e00000, 0x0000000087f00000|  0%| F|  |TAMS 0x0000000087e00000| PB 0x0000000087e00000| Untracked 
| 115|0x0000000087f00000, 0x0000000087f00000, 0x0000000088000000|  0%| F|  |TAMS 0x0000000087f00000| PB 0x0000000087f00000| Untracked 
| 116|0x0000000088000000, 0x0000000088000000, 0x0000000088100000|  0%| F|  |TAMS 0x0000000088000000| PB 0x0000000088000000| Untracked 
| 117|0x0000000088100000, 0x0000000088100000, 0x0000000088200000|  0%| F|  |TAMS 0x0000000088100000| PB 0x0000000088100000| Untracked 
| 118|0x0000000088200000, 0x0000000088200000, 0x0000000088300000|  0%| F|  |TAMS 0x0000000088200000| PB 0x0000000088200000| Untracked 
| 119|0x0000000088300000, 0x0000000088300000, 0x0000000088400000|  0%| F|  |TAMS 0x0000000088300000| PB 0x0000000088300000| Untracked 
| 120|0x0000000088400000, 0x0000000088400000, 0x0000000088500000|  0%| F|  |TAMS 0x0000000088400000| PB 0x0000000088400000| Untracked 
| 121|0x0000000088500000, 0x0000000088500000, 0x0000000088600000|  0%| F|  |TAMS 0x0000000088500000| PB 0x0000000088500000| Untracked 
| 122|0x0000000088600000, 0x0000000088600000, 0x0000000088700000|  0%| F|  |TAMS 0x0000000088600000| PB 0x0000000088600000| Untracked 
| 123|0x0000000088700000, 0x0000000088700000, 0x0000000088800000|  0%| F|  |TAMS 0x0000000088700000| PB 0x0000000088700000| Untracked 
| 124|0x0000000088800000, 0x0000000088800000, 0x0000000088900000|  0%| F|  |TAMS 0x0000000088800000| PB 0x0000000088800000| Untracked 
| 125|0x0000000088900000, 0x0000000088900000, 0x0000000088a00000|  0%| F|  |TAMS 0x0000000088900000| PB 0x0000000088900000| Untracked 
| 126|0x0000000088a00000, 0x0000000088ac7b30, 0x0000000088b00000| 78%| E|  |TAMS 0x0000000088a00000| PB 0x0000000088a00000| Complete 
| 127|0x0000000088b00000, 0x0000000088c00000, 0x0000000088c00000|100%| E|CS|TAMS 0x0000000088b00000| PB 0x0000000088b00000| Complete 

Card table byte_map: [0x000001d42c2a0000,0x000001d42c6a0000] _byte_map_base: 0x000001d42be9a000

Marking Bits: (CMBitMap*) 0x000001d418ea2910
 Bits: [0x000001d42c6a0000, 0x000001d42e670000)

Polling page: 0x000001d416c90000

Metaspace:

Usage:
  Non-class:      4.31 MB used.
      Class:    385.75 KB used.
       Both:      4.69 MB used.

Virtual space:
  Non-class space:       64.00 MB reserved,       4.31 MB (  7%) committed,  1 nodes.
      Class space:        1.00 GB reserved,     448.00 KB ( <1%) committed,  1 nodes.
             Both:        1.06 GB reserved,       4.75 MB ( <1%) committed. 

Chunk freelists:
   Non-Class:  11.00 MB
       Class:  15.56 MB
        Both:  26.56 MB

MaxMetaspaceSize: unlimited
CompressedClassSpaceSize: 1.00 GB
Initial GC threshold: 21.00 MB
Current GC threshold: 21.00 MB
CDS: off
 - commit_granule_bytes: 65536.
 - commit_granule_words: 8192.
 - virtual_space_node_default_size: 8388608.
 - enlarge_chunks_in_place: 1.
 - use_allocation_guard: 0.


Internal statistics:

num_allocs_failed_limit: 0.
num_arena_births: 2.
num_arena_deaths: 0.
num_vsnodes_births: 2.
num_vsnodes_deaths: 0.
num_space_committed: 76.
num_space_uncommitted: 0.
num_chunks_returned_to_freelist: 0.
num_chunks_taken_from_freelist: 6.
num_chunk_merges: 0.
num_chunk_splits: 3.
num_chunks_enlarged: 0.
num_inconsistent_stats: 0.

CodeHeap 'non-profiled nmethods': size=120000Kb used=16Kb max_used=16Kb free=119983Kb
 bounds [0x000001d424970000, 0x000001d424be0000, 0x000001d42bea0000]
CodeHeap 'profiled nmethods': size=120000Kb used=89Kb max_used=89Kb free=119910Kb
 bounds [0x000001d41cea0000, 0x000001d41d110000, 0x000001d4243d0000]
CodeHeap 'non-nmethods': size=5760Kb used=1175Kb max_used=1175Kb free=4584Kb
 bounds [0x000001d4243d0000, 0x000001d424640000, 0x000001d424970000]
CodeCache: size=245760Kb, used=1280Kb, max_used=1280Kb, free=244477Kb
 total_blobs=380, nmethods=71, adapters=214, full_count=0
Compilation: enabled, stopped_count=0, restarted_count=0

Compilation events (20 events):
Event: 0.226 Thread 0x000001d4350783b0   54       1       java.lang.module.ResolvedModule::reference (5 bytes)
Event: 0.226 Thread 0x000001d4350783b0 nmethod 54 0x000001d424973590 code [0x000001d424973720, 0x000001d4249737e8]
Event: 0.226 Thread 0x000001d4350783b0   60       1       java.lang.module.ModuleDescriptor::isAutomatic (5 bytes)
Event: 0.226 Thread 0x000001d4350783b0 nmethod 60 0x000001d424973890 code [0x000001d424973a20, 0x000001d424973af0]
Event: 0.226 Thread 0x000001d4350783b0   64       3       java.util.ImmutableCollections$MapN::get (35 bytes)
Event: 0.226 Thread 0x000001d4350783b0 nmethod 64 0x000001d41ceb4990 code [0x000001d41ceb4b80, 0x000001d41ceb4f18]
Event: 0.226 Thread 0x000001d4350783b0   65       1       java.lang.module.ModuleDescriptor$Exports::targets (5 bytes)
Event: 0.226 Thread 0x000001d4350783b0 nmethod 65 0x000001d424973b90 code [0x000001d424973d20, 0x000001d424973de8]
Event: 0.227 Thread 0x000001d4350783b0   66       3       java.util.concurrent.ConcurrentHashMap::spread (10 bytes)
Event: 0.227 Thread 0x000001d4350783b0 nmethod 66 0x000001d41ceb5090 code [0x000001d41ceb5220, 0x000001d41ceb5318]
Event: 0.227 Thread 0x000001d4350783b0   68       3       java.util.ImmutableCollections$Set12$1::hasNext (13 bytes)
Event: 0.227 Thread 0x000001d4350783b0 nmethod 68 0x000001d41ceb5390 code [0x000001d41ceb5520, 0x000001d41ceb5680]
Event: 0.227 Thread 0x000001d4350783b0   67       1       java.util.ImmutableCollections$Set12::isEmpty (2 bytes)
Event: 0.227 Thread 0x000001d4350783b0 nmethod 67 0x000001d424973e90 code [0x000001d424974020, 0x000001d4249740e8]
Event: 0.231 Thread 0x000001d4350783b0   69       3       java.lang.String::getBytes (44 bytes)
Event: 0.231 Thread 0x000001d4350783b0 nmethod 69 0x000001d41ceb5710 code [0x000001d41ceb58e0, 0x000001d41ceb5be8]
Event: 0.231 Thread 0x000001d4350783b0   70       3       java.lang.Math::min (11 bytes)
Event: 0.231 Thread 0x000001d4350783b0 nmethod 70 0x000001d41ceb5d10 code [0x000001d41ceb5ea0, 0x000001d41ceb5fd8]
Event: 0.233 Thread 0x000001d4350783b0   71       3       java.io.WinNTFileSystem::isSlash (18 bytes)
Event: 0.233 Thread 0x000001d4350783b0 nmethod 71 0x000001d41ceb6090 code [0x000001d41ceb6240, 0x000001d41ceb63d0]

GC Heap History (0 events):
No events

Dll operation events (2 events):
Event: 0.008 Loaded shared library C:\Program Files\JetBrains\IntelliJ IDEA Community Edition 2025.2.4\jbr\bin\java.dll
Event: 0.025 Loaded shared library C:\Program Files\JetBrains\IntelliJ IDEA Community Edition 2025.2.4\jbr\bin\zip.dll

Deoptimization events (0 events):
No events

Classes loaded (20 events):
Event: 0.234 Loading class java/util/jar/JarFile done
Event: 0.234 Loading class java/util/jar/JavaUtilJarAccessImpl
Event: 0.234 Loading class jdk/internal/access/JavaUtilJarAccess
Event: 0.234 Loading class jdk/internal/access/JavaUtilJarAccess done
Event: 0.234 Loading class java/util/jar/JavaUtilJarAccessImpl done
Event: 0.234 Loading class java/lang/Runtime$Version
Event: 0.235 Loading class java/lang/Runtime$Version done
Event: 0.235 Loading class java/util/zip/ZipFile$CleanableResource
Event: 0.235 Loading class java/util/zip/ZipFile$CleanableResource done
Event: 0.235 Loading class java/util/zip/ZipCoder
Event: 0.235 Loading class java/util/zip/ZipCoder done
Event: 0.235 Loading class java/util/zip/ZipCoder$UTF8ZipCoder
Event: 0.235 Loading class java/util/zip/ZipCoder$UTF8ZipCoder done
Event: 0.235 Loading class java/util/zip/ZipFile$Source
Event: 0.235 Loading class java/util/zip/ZipFile$Source done
Event: 0.235 Loading class sun/nio/fs/DefaultFileSystemProvider
Event: 0.235 Loading class sun/nio/fs/DefaultFileSystemProvider done
Event: 0.235 Loading class sun/nio/fs/WindowsFileSystemProvider
Event: 0.245 Loading class sun/nio/fs/AbstractFileSystemProvider
Event: 0.246 Loading class java/nio/file/spi/FileSystemProvider

Classes unloaded (0 events):
No events

Classes redefined (0 events):
No events

Internal exceptions (0 events):
No events

ZGC Phase Switch (0 events):
No events

VM Operations (0 events):
No events

Memory protections (0 events):
No events

Nmethod flushes (0 events):
No events

Events (11 events):
Event: 0.020 Thread 0x000001d416bb1200 Thread added: 0x000001d416bb1200
Event: 0.167 Thread 0x000001d416bb1200 Thread added: 0x000001d435022ba0
Event: 0.177 Thread 0x000001d416bb1200 Thread added: 0x000001d435023be0
Event: 0.177 Thread 0x000001d416bb1200 Thread added: 0x000001d43504fdd0
Event: 0.180 Thread 0x000001d416bb1200 Thread added: 0x000001d435045580
Event: 0.180 Thread 0x000001d416bb1200 Thread added: 0x000001d43505dc40
Event: 0.180 Thread 0x000001d416bb1200 Thread added: 0x000001d43505e2b0
Event: 0.180 Thread 0x000001d416bb1200 Thread added: 0x000001d43505f660
Event: 0.180 Thread 0x000001d416bb1200 Thread added: 0x000001d435062f00
Event: 0.180 Thread 0x000001d416bb1200 Thread added: 0x000001d4350783b0
Event: 0.228 Thread 0x000001d416bb1200 Thread added: 0x000001d435213930


Dynamic libraries:
0x00007ff6b1af0000 - 0x00007ff6b1afa000 	C:\Program Files\JetBrains\IntelliJ IDEA Community Edition 2025.2.4\jbr\bin\java.exe
0x00007ffecb0f0000 - 0x00007ffecb2e8000 	C:\WINDOWS\SYSTEM32\ntdll.dll
0x00007ffeca970000 - 0x00007ffecaa32000 	C:\WINDOWS\System32\KERNEL32.DLL
0x00007ffec8b80000 - 0x00007ffec8e76000 	C:\WINDOWS\System32\KERNELBASE.dll
0x00007ffec8a80000 - 0x00007ffec8b80000 	C:\WINDOWS\System32\ucrtbase.dll
0x00007ffeae660000 - 0x00007ffeae678000 	C:\Program Files\JetBrains\IntelliJ IDEA Community Edition 2025.2.4\jbr\bin\jli.dll
0x00007ffec91c0000 - 0x00007ffec9361000 	C:\WINDOWS\System32\USER32.dll
0x00007ffec8f80000 - 0x00007ffec8fa2000 	C:\WINDOWS\System32\win32u.dll
0x00007ffeb7120000 - 0x00007ffeb73bb000 	C:\WINDOWS\WinSxS\amd64_microsoft.windows.common-controls_6595b64144ccf1df_6.0.19041.6456_none_60b8a6cb71f64256\COMCTL32.dll
0x00007ffec9800000 - 0x00007ffec982b000 	C:\WINDOWS\System32\GDI32.dll
0x00007ffec8960000 - 0x00007ffec8a79000 	C:\WINDOWS\System32\gdi32full.dll
0x00007ffecaaa0000 - 0x00007ffecab3e000 	C:\WINDOWS\System32\msvcrt.dll
0x00007ffec9040000 - 0x00007ffec90dd000 	C:\WINDOWS\System32\msvcp_win.dll
0x00007ffebdd20000 - 0x00007ffebdd3b000 	C:\Program Files\JetBrains\IntelliJ IDEA Community Edition 2025.2.4\jbr\bin\VCRUNTIME140.dll
0x00007ffec9470000 - 0x00007ffec949f000 	C:\WINDOWS\System32\IMM32.DLL
0x00007ffec0170000 - 0x00007ffec017c000 	C:\Program Files\JetBrains\IntelliJ IDEA Community Edition 2025.2.4\jbr\bin\vcruntime140_1.dll
0x00007ffe8c2a0000 - 0x00007ffe8c32d000 	C:\Program Files\JetBrains\IntelliJ IDEA Community Edition 2025.2.4\jbr\bin\msvcp140.dll
0x00007ffe48980000 - 0x00007ffe4974b000 	C:\Program Files\JetBrains\IntelliJ IDEA Community Edition 2025.2.4\jbr\bin\server\jvm.dll
0x00007ffec9390000 - 0x00007ffec9441000 	C:\WINDOWS\System32\ADVAPI32.dll
0x00007ffec9c90000 - 0x00007ffec9d2f000 	C:\WINDOWS\System32\sechost.dll
0x00007ffecab40000 - 0x00007ffecac60000 	C:\WINDOWS\System32\RPCRT4.dll
0x00007ffec90e0000 - 0x00007ffec9107000 	C:\WINDOWS\System32\bcrypt.dll
0x00007ffec9c20000 - 0x00007ffec9c8b000 	C:\WINDOWS\System32\WS2_32.dll
0x00007ffebce10000 - 0x00007ffebce37000 	C:\WINDOWS\SYSTEM32\WINMM.dll
0x00007ffec27e0000 - 0x00007ffec27ea000 	C:\WINDOWS\SYSTEM32\VERSION.dll
0x00007ffec7c70000 - 0x00007ffec7cbb000 	C:\WINDOWS\SYSTEM32\POWRPROF.dll
0x00007ffec7b40000 - 0x00007ffec7b52000 	C:\WINDOWS\SYSTEM32\UMPDC.dll
0x00007ffec65d0000 - 0x00007ffec65e2000 	C:\WINDOWS\SYSTEM32\kernel.appcore.dll
0x00007ffebdc60000 - 0x00007ffebdc6a000 	C:\Program Files\JetBrains\IntelliJ IDEA Community Edition 2025.2.4\jbr\bin\jimage.dll
0x00007ffeb7830000 - 0x00007ffeb7a31000 	C:\WINDOWS\SYSTEM32\DBGHELP.DLL
0x00007ffeb6e50000 - 0x00007ffeb6e84000 	C:\WINDOWS\SYSTEM32\dbgcore.DLL
0x00007ffec8fb0000 - 0x00007ffec9032000 	C:\WINDOWS\System32\bcryptPrimitives.dll
0x00007ffeb7710000 - 0x00007ffeb7730000 	C:\Program Files\JetBrains\IntelliJ IDEA Community Edition 2025.2.4\jbr\bin\java.dll
0x00007ffeb76f0000 - 0x00007ffeb7708000 	C:\Program Files\JetBrains\IntelliJ IDEA Community Edition 2025.2.4\jbr\bin\zip.dll
0x00007ffec9d30000 - 0x00007ffeca4a0000 	C:\WINDOWS\System32\SHELL32.dll
0x00007ffec67d0000 - 0x00007ffec6f75000 	C:\WINDOWS\SYSTEM32\windows.storage.dll
0x00007ffec94a0000 - 0x00007ffec97f4000 	C:\WINDOWS\System32\combase.dll
0x00007ffec80d0000 - 0x00007ffec80fb000 	C:\WINDOWS\SYSTEM32\Wldp.dll
0x00007ffecac60000 - 0x00007ffecad2d000 	C:\WINDOWS\System32\OLEAUT32.dll
0x00007ffec9830000 - 0x00007ffec98dd000 	C:\WINDOWS\System32\SHCORE.dll
0x00007ffeca910000 - 0x00007ffeca96b000 	C:\WINDOWS\System32\shlwapi.dll
0x00007ffec86b0000 - 0x00007ffec86d4000 	C:\WINDOWS\SYSTEM32\profapi.dll

JVMTI agents: none

dbghelp: loaded successfully - version: 4.0.5 - missing functions: none
symbol engine: initialized successfully - sym options: 0x614 - pdb path: .;C:\Program Files\JetBrains\IntelliJ IDEA Community Edition 2025.2.4\jbr\bin;C:\WINDOWS\SYSTEM32;C:\WINDOWS\WinSxS\amd64_microsoft.windows.common-controls_6595b64144ccf1df_6.0.19041.6456_none_60b8a6cb71f64256;C:\Program Files\JetBrains\IntelliJ IDEA Community Edition 2025.2.4\jbr\bin\server

VM Arguments:
java_command: git4idea.http.GitAskPassApp Username for 'https://github.com': 
java_class_path (initial): C:/Program Files/JetBrains/IntelliJ IDEA Community Edition 2025.2.4/plugins/vcs-git/lib/git4idea-rt.jar;C:/Program Files/JetBrains/IntelliJ IDEA Community Edition 2025.2.4/lib/externalProcess-rt.jar
Launcher Type: SUN_STANDARD

[Global flags]
     intx CICompilerCount                          = 3                                         {product} {ergonomic}
     uint ConcGCThreads                            = 1                                         {product} {ergonomic}
     uint G1ConcRefinementThreads                  = 4                                         {product} {ergonomic}
   size_t G1HeapRegionSize                         = 1048576                                   {product} {ergonomic}
    uintx GCDrainStackTargetSize                   = 64                                        {product} {ergonomic}
   size_t InitialHeapSize                          = 134217728                                 {product} {ergonomic}
   size_t MarkStackSize                            = 4194304                                   {product} {ergonomic}
   size_t MaxHeapSize                              = 2134900736                                {product} {ergonomic}
   size_t MaxNewSize                               = 1280311296                                {product} {ergonomic}
   size_t MinHeapDeltaBytes                        = 1048576                                   {product} {ergonomic}
   size_t MinHeapSize                              = 8388608                                   {product} {ergonomic}
    uintx NonNMethodCodeHeapSize                   = 5832780                                {pd product} {ergonomic}
    uintx NonProfiledCodeHeapSize                  = 122912730                              {pd product} {ergonomic}
    uintx ProfiledCodeHeapSize                     = 122912730                              {pd product} {ergonomic}
    uintx ReservedCodeCacheSize                    = 251658240                              {pd product} {ergonomic}
     bool SegmentedCodeCache                       = true                                      {product} {ergonomic}
   size_t SoftMaxHeapSize                          = 2134900736                             {manageable} {ergonomic}
     bool UseCompressedOops                        = true                           {product lp64_product} {ergonomic}
     bool UseG1GC                                  = true                                      {product} {ergonomic}
     bool UseLargePagesIndividualAllocation        = false                                  {pd product} {ergonomic}

Logging:
Log output configuration:
 #0: stdout all=warning uptime,level,tags foldmultilines=false
 #1: stderr all=off uptime,level,tags foldmultilines=false

Environment Variables:
PATH=C:/Program Files/Git/mingw64/libexec/git-core;C:/Program Files/Git/mingw64/libexec/git-core;C:\Program Files\Git\mingw64\bin;C:\Program Files\Git\usr\bin;C:\Users\Bruno\bin;C:\Program Files\Common Files\Oracle\Java\javapath;C:\WINDOWS\system32;C:\WINDOWS;C:\WINDOWS\System32\Wbem;C:\WINDOWS\System32\WindowsPowerShell\v1.0\;C:\WINDOWS\System32\OpenSSH\;C:\Program Files\Git\cmd;C:\Program Files\Docker\Docker\resources\bin;C:\Program Files\Microsoft SQL Server\170\Tools\Binn\;C:\Program Files\Microsoft SQL Server\Client SDK\ODBC\170\Tools\Binn\;C:\Program Files\dotnet\;C:\Program Files\nodejs\;C:\Program Files\Zabbix Agent\;C:\Users\Bruno\AppData\Local\Microsoft\WindowsApps;C:\Users\Bruno\.dotnet\tools;C:\Users\Bruno\AppData\Roaming\npm;C:\Users\Bruno\AppData\Local\Programs\Microsoft VS Code\bin;C:\Users\Bruno\AppData\Local\PowerToys\DSCModules\
USERNAME=Bruno
DISPLAY=:0.0
LC_ALL=en_US.UTF-8
TERM=xterm-256color
TMPDIR=C:\Users\Bruno\AppData\Local\Temp
OS=Windows_NT
PROCESSOR_IDENTIFIER=Intel64 Family 6 Model 158 Stepping 10, GenuineIntel
TMP=C:\Users\Bruno\AppData\Local\Temp
TEMP=C:\Users\Bruno\AppData\Local\Temp




Periodic native trim disabled

JNI global refs:
JNI global refs: 4, weak refs: 0

JNI global refs memory usage: 835, weak refs: 201

Process memory usage:
Resident Set Size: 31736K (0% of 8331580K total physical memory with 537940K free physical memory)

OOME stack traces (most recent first):
Classloader memory used:
Loader bootstrap                                                                       : 4799K

---------------  S Y S T E M  ---------------

OS:
 Windows 10 , 64 bit Build 19041 (10.0.19041.5915)
OS uptime: 0 days 12:26 hours
Hyper-V role detected

CPU: total 4 (initial active 4) (4 cores per cpu, 1 threads per core) family 6 model 158 stepping 10 microcode 0xb4, cx8, cmov, fxsr, mmx, 3dnowpref, sse, sse2, sse3, ssse3, sse4.1, sse4.2, popcnt, lzcnt, tsc, tscinvbit, avx, avx2, aes, erms, clmul, bmi1, bmi2, adx, fma, vzeroupper, clflush, clflushopt, hv, rdtscp, f16c
Processor Information for the first 4 processors :
  Max Mhz: 3600, Current Mhz: 3600, Mhz Limit: 3600

Memory: 4k page, system-wide physical 8136M (525M free)
TotalPageFile size 16948M (AvailPageFile size 2M)
current process WorkingSet (physical memory assigned to process): 31M, peak: 31M
current process commit charge ("private bytes"): 192M, peak: 194M

vm_info: OpenJDK 64-Bit Server VM (21.0.8+1-b1038.73) for windows-amd64 JRE (21.0.8+1-b1038.73), built on 2025-09-24 by "builduser" with MS VC++ 16.10 / 16.11 (VS2019)

END.
